<?xml version="1.0" encoding="UTF-8"?>
<!-- Generated by org.testng.reporters.JUnitReportReporter -->
<testsuite hostname="LIN-67S5VQ3" failures="0" tests="3" name="com.capgemini.tests.NB_PM_06" time="38.439" errors="1" timestamp="2025-06-19T08:45:43 IST" skipped="0">
  <testcase classname="com.capgemini.tests.NB_PM_06" name="LoginIn" time="33.051">
    <system-out>
      <![CDATA[Clicked on Login link
Entered Phone number: 8919902900
Submitted]]>
    </system-out>
  </testcase> <!-- LoginIn -->
  <testcase classname="com.capgemini.tests.NB_PM_06" name="driverquit" time="0.003">
    <error message="Cannot invoke &quot;org.openqa.selenium.WebDriver.quit()&quot; because &quot;this.driver&quot; is null" type="java.lang.NullPointerException">
      <![CDATA[java.lang.NullPointerException: Cannot invoke "org.openqa.selenium.WebDriver.quit()" because "this.driver" is null
at com.capgemini.tests.BaseReport.driverquit(BaseReport.java:62)
at java.base/jdk.internal.reflect.NativeMethodAccessorImpl.invoke0(Native Method)
at java.base/jdk.internal.reflect.NativeMethodAccessorImpl.invoke(NativeMethodAccessorImpl.java:77)
at java.base/jdk.internal.reflect.DelegatingMethodAccessorImpl.invoke(DelegatingMethodAccessorImpl.java:43)
at java.base/java.lang.reflect.Method.invoke(Method.java:569)
at org.testng.internal.invokers.MethodInvocationHelper.invokeMethod(MethodInvocationHelper.java:141)
at org.testng.internal.invokers.MethodInvocationHelper.invokeMethodConsideringTimeout(MethodInvocationHelper.java:71)
at org.testng.internal.invokers.ConfigInvoker.invokeConfigurationMethod(ConfigInvoker.java:400)
at org.testng.internal.invokers.ConfigInvoker.invokeConfigurations(ConfigInvoker.java:333)
at org.testng.internal.invokers.TestMethodWorker.invokeAfterClassConfigurations(TestMethodWorker.java:238)
at org.testng.internal.invokers.TestMethodWorker.invokeAfterClassMethods(TestMethodWorker.java:223)
at org.testng.internal.invokers.TestMethodWorker.run(TestMethodWorker.java:137)
at java.base/java.util.ArrayList.forEach(ArrayList.java:1511)
at org.testng.TestRunner.privateRun(TestRunner.java:741)
at org.testng.TestRunner.run(TestRunner.java:616)
at org.testng.SuiteRunner.runTest(SuiteRunner.java:421)
at org.testng.SuiteRunner.runSequentially(SuiteRunner.java:413)
at org.testng.SuiteRunner.privateRun(SuiteRunner.java:373)
at org.testng.SuiteRunner.run(SuiteRunner.java:312)
at org.testng.SuiteRunnerWorker.runSuite(SuiteRunnerWorker.java:52)
at org.testng.SuiteRunnerWorker.run(SuiteRunnerWorker.java:95)
at org.testng.TestNG.runSuitesSequentially(TestNG.java:1274)
at org.testng.TestNG.runSuitesLocally(TestNG.java:1208)
at org.testng.TestNG.runSuites(TestNG.java:1112)
at org.testng.TestNG.run(TestNG.java:1079)
at org.testng.remote.AbstractRemoteTestNG.run(AbstractRemoteTestNG.java:115)
at org.testng.remote.RemoteTestNG.initAndRun(RemoteTestNG.java:293)
at org.testng.remote.RemoteTestNG.main(RemoteTestNG.java:91)
]]>
    </error>
  </testcase> <!-- driverquit -->
  <testcase classname="com.capgemini.tests.NB_PM_06" name="PackNMove" time="5.385">
    <system-out>
      <![CDATA[Menu Clicked
PackernMovers Clicked
Cleared From
Cleared To
Click Prices]]>
    </system-out>
  </testcase> <!-- PackNMove -->
  <system-out>
    <![CDATA[Clicked on Login link
Entered Phone number: 8919902900
Submitted
Menu Clicked
PackernMovers Clicked
Cleared From
Entered From
Select From INPUT
Cleared To
Entered To
Select To INPUT
Click Prices
Select Living Room
Select Sofa
Select 1 Seater
Click Continue
Select Date
Select Time
Confirm Selection
Select Inventory
Click Done
Browser closed after test method
Clicked on Login link
Entered Phone number: 8919902900
Submitted
Menu Clicked
PackernMovers Clicked
Between Cities Clicked
Clicked on Date field
Selected a date
Clicked on 'Price within City'
Clicked on 'Living Room'
Clicked on 'Sofa'
Clicked on '2 Seater Sofa'
Clicked on 'Continue'
Browser closed after test method
Clicked on Login link
Entered Phone number: 8919902900
Submitted
Menu opened
Clicked on Packers and Movers
Movers option selected
'From' location entered
'From' location selected
'To' location entered
'To' location selected
Clicked on View Prices
Truck selected
Clicked on Schedule
Date selected
Timezone selected
Time interval selected
Schedule confirmed
Browser closed after test method
Clicked on Login link
Entered Phone number: 8919902900
Submitted
Menu Clicked
Packers and movers Clicked
Mybookings Clicked
Switched to new window
Home Clicked
Clicked on Login link
Entered Phone number: 8919902900
Submitted
Menu Clicked
Painting and Cleaning Clicked
City Selected
Packers and Movers Clicked
WithinCity Clicked
Clicked on Login link
Entered Phone number: 8919902900
Submitted
Menu Clicked
PackernMovers Clicked
Cleared From
Cleared To
Click Prices
Browser closed after test method]]>
  </system-out>
</testsuite> <!-- com.capgemini.tests.NB_PM_06 -->
